<?xml version="1.0" encoding="UTF-8"?>
<!-- Generated by org.testng.reporters.JUnitXMLReporter -->
<testsuite ignored="0" hostname="LAPTOP-0SHBHHJI" failures="1" tests="6" name="Test" time="36.395" errors="0" timestamp="2024-10-06T19:14:42 IST">
  <testcase classname="testcase.register" name="formfill" time="2.731"/>
  <testcase classname="testcase.register" name="sign" time="0.0">
    <failure type="java.lang.RuntimeException" message="java.lang.NullPointerException: Cannot invoke &amp;quot;org.apache.poi.xssf.usermodel.XSSFSheet.getLastRowNum()&amp;quot; because &amp;quot;sheet&amp;quot; is null">
      <![CDATA[java.lang.RuntimeException: java.lang.NullPointerException: Cannot invoke "org.apache.poi.xssf.usermodel.XSSFSheet.getLastRowNum()" because "sheet" is null
at java.base/java.util.ArrayList.forEach(ArrayList.java:1511)
Caused by: java.lang.NullPointerException: Cannot invoke "org.apache.poi.xssf.usermodel.XSSFSheet.getLastRowNum()" because "sheet" is null
at utilities.utilities.getTestdatafromExcel(utilities.java:27)
at testcase.register.supplydata(register.java:90)
... 25 more
... Removed 32 stack frames]]>
    </failure>
  </testcase> <!-- sign -->
  <testcase classname="testcase.cart" name="productlistpage" time="1.824"/>
  <testcase classname="testcase.cart" name="productcart" time="2.866"/>
  <testcase classname="testcase.checkout" name="checkoutpage" time="3.615"/>
  <testcase classname="testcase.checkout" name="payment" time="3.582"/>
</testsuite> <!-- Test -->
