<?xml version="1.0" encoding="UTF-8"?>
<testng-results ignored="0" total="6" passed="5" failed="1" skipped="0">
  <reporter-output>
  </reporter-output>
  <suite started-at="2024-10-06T19:14:06 IST" name="Suite" finished-at="2024-10-06T19:14:42 IST" duration-ms="36395">
    <groups>
    </groups>
    <test started-at="2024-10-06T19:14:06 IST" name="Test" finished-at="2024-10-06T19:14:42 IST" duration-ms="36395">
      <class name="testcase.register">
        <test-method is-config="true" signature="setup()[pri:0, instance:testcase.register@229f66ed]" started-at="2024-10-06T19:14:06 IST" name="setup" finished-at="2024-10-06T19:14:12 IST" duration-ms="6091" status="PASS">
          <reporter-output>
          </reporter-output>
        </test-method> <!-- setup -->
        <test-method signature="formfill()[pri:1, instance:testcase.register@229f66ed]" started-at="2024-10-06T19:14:12 IST" name="formfill" finished-at="2024-10-06T19:14:15 IST" duration-ms="2731" status="PASS">
          <reporter-output>
          </reporter-output>
        </test-method> <!-- formfill -->
        <test-method is-config="true" signature="teardown()[pri:0, instance:testcase.register@229f66ed]" started-at="2024-10-06T19:14:15 IST" name="teardown" finished-at="2024-10-06T19:14:15 IST" duration-ms="311" status="PASS">
          <reporter-output>
          </reporter-output>
        </test-method> <!-- teardown -->
        <test-method signature="sign(java.lang.String,java.lang.String)[pri:2, instance:testcase.register@229f66ed]" started-at="2024-10-06T19:14:16 IST" name="sign" data-provider="datasupply" finished-at="2024-10-06T19:14:16 IST" duration-ms="0" status="FAIL">
          <exception class="java.lang.RuntimeException">
            <message>
              <![CDATA[java.lang.NullPointerException: Cannot invoke "org.apache.poi.xssf.usermodel.XSSFSheet.getLastRowNum()" because "sheet" is null]]>
            </message>
            <full-stacktrace>
              <![CDATA[java.lang.RuntimeException: java.lang.NullPointerException: Cannot invoke "org.apache.poi.xssf.usermodel.XSSFSheet.getLastRowNum()" because "sheet" is null
at org.testng.internal.invokers.MethodInvocationHelper.invokeMethodNoCheckedException(MethodInvocationHelper.java:58)
at org.testng.internal.invokers.MethodInvocationHelper.invokeDataProvider(MethodInvocationHelper.java:159)
at org.testng.internal.Parameters.handleParameters(Parameters.java:809)
at org.testng.internal.Parameters.handleParameters(Parameters.java:734)
at org.testng.internal.invokers.ParameterHandler.handleParameters(ParameterHandler.java:72)
at org.testng.internal.invokers.ParameterHandler.createParameters(ParameterHandler.java:51)
at org.testng.internal.invokers.TestInvoker$MethodInvocationAgent.invoke(TestInvoker.java:946)
at org.testng.internal.invokers.TestInvoker.invokeTestMethods(TestInvoker.java:203)
at org.testng.internal.invokers.TestMethodWorker.invokeTestMethods(TestMethodWorker.java:154)
at org.testng.internal.invokers.TestMethodWorker.run(TestMethodWorker.java:134)
at java.base/java.util.ArrayList.forEach(ArrayList.java:1511)
at org.testng.TestRunner.privateRun(TestRunner.java:739)
at org.testng.TestRunner.run(TestRunner.java:614)
at org.testng.SuiteRunner.runTest(SuiteRunner.java:421)
at org.testng.SuiteRunner.runSequentially(SuiteRunner.java:413)
at org.testng.SuiteRunner.privateRun(SuiteRunner.java:373)
at org.testng.SuiteRunner.run(SuiteRunner.java:312)
at org.testng.SuiteRunnerWorker.runSuite(SuiteRunnerWorker.java:52)
at org.testng.SuiteRunnerWorker.run(SuiteRunnerWorker.java:95)
at org.testng.TestNG.runSuitesSequentially(TestNG.java:1274)
at org.testng.TestNG.runSuitesLocally(TestNG.java:1208)
at org.testng.TestNG.runSuites(TestNG.java:1112)
at org.testng.TestNG.run(TestNG.java:1079)
at org.testng.remote.AbstractRemoteTestNG.run(AbstractRemoteTestNG.java:115)
at org.testng.remote.RemoteTestNG.initAndRun(RemoteTestNG.java:293)
at org.testng.remote.RemoteTestNG.main(RemoteTestNG.java:91)
Caused by: java.lang.NullPointerException: Cannot invoke "org.apache.poi.xssf.usermodel.XSSFSheet.getLastRowNum()" because "sheet" is null
at utilities.utilities.getTestdatafromExcel(utilities.java:27)
at testcase.register.supplydata(register.java:90)
at java.base/jdk.internal.reflect.NativeMethodAccessorImpl.invoke0(Native Method)
at java.base/jdk.internal.reflect.NativeMethodAccessorImpl.invoke(NativeMethodAccessorImpl.java:77)
at java.base/jdk.internal.reflect.DelegatingMethodAccessorImpl.invoke(DelegatingMethodAccessorImpl.java:43)
at java.base/java.lang.reflect.Method.invoke(Method.java:568)
at org.testng.internal.invokers.MethodInvocationHelper.invokeMethod(MethodInvocationHelper.java:141)
at org.testng.internal.invokers.MethodInvocationHelper.invokeMethod(MethodInvocationHelper.java:86)
at org.testng.internal.invokers.MethodInvocationHelper.invokeMethodNoCheckedException(MethodInvocationHelper.java:54)
... 25 more
]]>
            </full-stacktrace>
          </exception> <!-- java.lang.RuntimeException -->
          <reporter-output>
          </reporter-output>
        </test-method> <!-- sign -->
      </class> <!-- testcase.register -->
      <class name="testcase.cart">
        <test-method is-config="true" signature="setup()[pri:0, instance:testcase.cart@1ff4931d]" started-at="2024-10-06T19:14:16 IST" name="setup" finished-at="2024-10-06T19:14:19 IST" duration-ms="3334" status="PASS">
          <reporter-output>
          </reporter-output>
        </test-method> <!-- setup -->
        <test-method signature="productlistpage()[pri:1, instance:testcase.cart@1ff4931d]" started-at="2024-10-06T19:14:19 IST" name="productlistpage" finished-at="2024-10-06T19:14:21 IST" duration-ms="1824" status="PASS">
          <reporter-output>
          </reporter-output>
        </test-method> <!-- productlistpage -->
        <test-method is-config="true" signature="teardown()[pri:0, instance:testcase.cart@1ff4931d]" started-at="2024-10-06T19:14:21 IST" name="teardown" finished-at="2024-10-06T19:14:21 IST" duration-ms="252" status="PASS">
          <reporter-output>
          </reporter-output>
        </test-method> <!-- teardown -->
        <test-method is-config="true" signature="setup()[pri:0, instance:testcase.cart@1ff4931d]" started-at="2024-10-06T19:14:21 IST" name="setup" finished-at="2024-10-06T19:14:25 IST" duration-ms="3393" status="PASS">
          <reporter-output>
          </reporter-output>
        </test-method> <!-- setup -->
        <test-method signature="productcart()[pri:2, instance:testcase.cart@1ff4931d]" started-at="2024-10-06T19:14:25 IST" name="productcart" finished-at="2024-10-06T19:14:28 IST" duration-ms="2866" status="PASS">
          <reporter-output>
          </reporter-output>
        </test-method> <!-- productcart -->
        <test-method is-config="true" signature="teardown()[pri:0, instance:testcase.cart@1ff4931d]" started-at="2024-10-06T19:14:28 IST" name="teardown" finished-at="2024-10-06T19:14:28 IST" duration-ms="245" status="PASS">
          <reporter-output>
          </reporter-output>
        </test-method> <!-- teardown -->
      </class> <!-- testcase.cart -->
      <class name="testcase.checkout">
        <test-method is-config="true" signature="setup()[pri:0, instance:testcase.checkout@65e98b1c]" started-at="2024-10-06T19:14:28 IST" name="setup" finished-at="2024-10-06T19:14:31 IST" duration-ms="3343" status="PASS">
          <reporter-output>
          </reporter-output>
        </test-method> <!-- setup -->
        <test-method signature="checkoutpage()[pri:1, instance:testcase.checkout@65e98b1c]" started-at="2024-10-06T19:14:31 IST" name="checkoutpage" finished-at="2024-10-06T19:14:35 IST" duration-ms="3615" status="PASS">
          <reporter-output>
          </reporter-output>
        </test-method> <!-- checkoutpage -->
        <test-method is-config="true" signature="teardown()[pri:0, instance:testcase.checkout@65e98b1c]" started-at="2024-10-06T19:14:35 IST" name="teardown" finished-at="2024-10-06T19:14:35 IST" duration-ms="278" status="PASS">
          <reporter-output>
          </reporter-output>
        </test-method> <!-- teardown -->
        <test-method is-config="true" signature="setup()[pri:0, instance:testcase.checkout@65e98b1c]" started-at="2024-10-06T19:14:35 IST" name="setup" finished-at="2024-10-06T19:14:38 IST" duration-ms="3139" status="PASS">
          <reporter-output>
          </reporter-output>
        </test-method> <!-- setup -->
        <test-method signature="payment()[pri:2, instance:testcase.checkout@65e98b1c]" started-at="2024-10-06T19:14:38 IST" name="payment" finished-at="2024-10-06T19:14:42 IST" duration-ms="3582" status="PASS">
          <reporter-output>
          </reporter-output>
        </test-method> <!-- payment -->
        <test-method is-config="true" signature="teardown()[pri:0, instance:testcase.checkout@65e98b1c]" started-at="2024-10-06T19:14:42 IST" name="teardown" finished-at="2024-10-06T19:14:42 IST" duration-ms="276" status="PASS">
          <reporter-output>
          </reporter-output>
        </test-method> <!-- teardown -->
      </class> <!-- testcase.checkout -->
    </test> <!-- Test -->
  </suite> <!-- Suite -->
</testng-results>
